============================= test session starts ==============================
platform linux -- Python 3.12.13, pytest-9.0.2, pluggy-1.6.0 -- /home/jules/.pyenv/versions/3.12.13/bin/python3.12
cachedir: .pytest_cache
django: version: 6.0.3, settings: attendance_system_facial_recognition.settings.base (from env)
rootdir: /app
configfile: pytest.ini (WARNING: ignoring pytest config in pyproject.toml!)
testpaths: tests, users
plugins: django-4.9.0, base-url-2.1.0, playwright-0.7.2, cov-7.1.0, xdist-3.8.0
collecting ... collected 528 items / 78 deselected / 450 selected

tests/recognition/test_api_attendance_n_plus_one.py::test_attendance_api_query_count PASSED [  0%]
tests/recognition/test_api_security_sentinel.py::test_long_username_truncation PASSED [  0%]
tests/recognition/test_api_security_sentinel.py::test_api_key_authentication_works PASSED [  0%]
tests/recognition/test_api_views.py::TestUserViewSet::test_list_users_staff PASSED [  0%]
tests/recognition/test_api_views.py::TestUserViewSet::test_list_users_non_staff PASSED [  1%]
tests/recognition/test_api_views.py::TestUserViewSet::test_me_endpoint PASSED [  1%]
tests/recognition/test_api_views.py::TestUserViewSet::test_create_user_endpoint_returns_405 PASSED [  1%]
tests/recognition/test_api_views.py::TestAttendanceViewSet::test_list_attendance_staff PASSED [  1%]
tests/recognition/test_api_views.py::TestAttendanceViewSet::test_list_attendance_non_staff PASSED [  2%]
tests/recognition/test_api_views.py::TestAttendanceViewSet::test_filter_by_start_date PASSED [  2%]
tests/recognition/test_api_views.py::TestAttendanceViewSet::test_filter_by_end_date PASSED [  2%]
tests/recognition/test_api_views.py::TestAttendanceViewSet::test_invalid_date_format PASSED [  2%]
tests/recognition/test_api_views.py::TestAttendanceViewSet::test_stats_endpoint PASSED [  2%]
tests/recognition/test_api_views.py::TestAttendanceViewSetMarkEndpoint::test_mark_without_image PASSED [  3%]
tests/recognition/test_api_views.py::TestAttendanceViewSetMarkEndpoint::test_mark_invalid_image_format PASSED [  3%]
tests/recognition/test_api_views.py::TestAttendanceViewSetMarkEndpoint::test_mark_valid_but_no_face_image PASSED [  3%]
tests/recognition/test_api_views.py::TestAttendanceViewSetMarkEndpoint::test_mark_valid_image_but_no_database_match PASSED [  3%]
tests/recognition/test_api_views.py::TestAttendanceViewSetMarkEndpoint::test_mark_image_decode_returns_none PASSED [  4%]
tests/recognition/test_api_views.py::TestAttendanceViewSetMarkEndpoint::test_mark_deepface_value_error PASSED [  4%]
tests/recognition/test_api_views.py::TestAttendanceViewSetMarkEndpoint::test_mark_deepface_generic_exception PASSED [  4%]
tests/recognition/test_api_views.py::TestAttendanceViewSetMarkEndpoint::test_mark_invalid_dataset_embeddings PASSED [  4%]
tests/recognition/test_api_views.py::TestAttendanceViewSetMarkEndpoint::test_mark_match_below_threshold PASSED [  4%]
tests/recognition/test_api_views.py::TestAttendanceViewSetMarkEndpoint::test_mark_matched_user_does_not_exist PASSED [  5%]
tests/recognition/test_api_views.py::TestAttendanceViewSetMarkEndpoint::test_mark_successful_checkout PASSED [  5%]
tests/recognition/test_api_views.py::TestAttendanceViewSetMarkEndpoint::test_mark_with_data_uri_prefix PASSED [  5%]
tests/recognition/test_attendance_analysis.py::test_get_daily_trends_with_breaks_and_filters PASSED [  5%]
tests/recognition/test_attendance_analysis.py::test_get_department_summary_handles_unassigned_department PASSED [  6%]
tests/recognition/test_attendance_analysis.py::test_get_attendance_prediction_with_and_without_history PASSED [  6%]
tests/recognition/test_attendance_dashboard.py::test_attendance_dashboard_requires_staff PASSED [  6%]
tests/recognition/test_attendance_dashboard.py::test_attendance_dashboard_non_staff_user_redirected PASSED [  6%]
tests/recognition/test_attendance_dashboard.py::test_attendance_dashboard_accessible_by_staff PASSED [  6%]
tests/recognition/test_attendance_dashboard.py::test_attendance_dashboard_shows_summary_stats PASSED [  7%]
tests/recognition/test_attendance_dashboard.py::test_attendance_dashboard_filters_by_date_range PASSED [  7%]
tests/recognition/test_attendance_dashboard.py::test_attendance_dashboard_filters_by_employee PASSED [  7%]
tests/recognition/test_attendance_dashboard.py::test_attendance_dashboard_filters_by_outcome PASSED [  7%]
tests/recognition/test_attendance_dashboard.py::test_attendance_dashboard_chart_data_present PASSED [  8%]
tests/recognition/test_attendance_dashboard.py::test_export_csv_requires_staff PASSED [  8%]
tests/recognition/test_attendance_dashboard.py::test_export_csv_returns_csv_file PASSED [  8%]
tests/recognition/test_attendance_dashboard.py::test_export_csv_respects_filters PASSED [  8%]
tests/recognition/test_attendance_dashboard.py::test_export_csv_includes_attempts PASSED [  8%]
tests/recognition/test_attendance_dashboard.py::test_export_csv_sanitizes_formula_injection PASSED [  9%]
tests/recognition/test_attendance_dashboard.py::test_attendance_filter_form_validates_correctly PASSED [  9%]
tests/recognition/test_attendance_flows.py::test_admin_can_register_employee PASSED [  9%]
tests/recognition/test_attendance_flows.py::test_add_photos_creates_dataset_for_existing_user PASSED [  9%]
tests/recognition/test_attendance_flows.py::test_admin_can_view_attendance_by_date PASSED [ 10%]
tests/recognition/test_attendance_flows.py::test_attendance_dashboard_shows_summary_metrics PASSED [ 10%]
tests/recognition/test_attendance_session.py::test_attendance_session_page_requires_login PASSED [ 10%]
tests/recognition/test_attendance_session.py::test_attendance_session_feed_surfaces_liveness_and_outcomes PASSED [ 10%]
tests/recognition/test_dataset_cache.py::DatasetEmbeddingCacheTests::test_backward_compatibility_with_json_list_state PASSED [ 10%]
tests/recognition/test_dataset_cache.py::DatasetEmbeddingCacheTests::test_cache_expires_after_timeout PASSED [ 11%]
tests/recognition/test_dataset_cache.py::DatasetEmbeddingCacheTests::test_cache_files_encrypted_and_round_trip PASSED [ 11%]
tests/recognition/test_dataset_cache.py::DatasetEmbeddingCacheTests::test_cache_refreshes_when_dataset_files_change PASSED [ 11%]
tests/recognition/test_dataset_cache.py::DatasetEmbeddingCacheTests::test_cached_embeddings_reused_without_dataset_changes PASSED [ 11%]
tests/recognition/test_dos_prevention.py::test_large_image_rejection PASSED [ 12%]
tests/recognition/test_enhanced_liveness_v2.py::TestFeatureFlags::test_enhanced_liveness_flag_exists PASSED [ 12%]
tests/recognition/test_enhanced_liveness_v2.py::TestFeatureFlags::test_get_all_flags_includes_enhanced PASSED [ 12%]
tests/recognition/test_enhanced_liveness_v2.py::TestConfigGetters::test_is_enhanced_liveness_enabled_getter PASSED [ 12%]
tests/recognition/test_enhanced_liveness_v2.py::TestConfigGetters::test_get_cnn_antispoof_threshold PASSED [ 12%]
tests/recognition/test_enhanced_liveness_v2.py::TestConfigGetters::test_get_depth_variance_threshold PASSED [ 13%]
tests/recognition/test_enhanced_liveness_v2.py::TestConfigGetters::test_get_frame_consistency_min_frames PASSED [ 13%]
tests/recognition/test_face_recognition_api.py::test_face_recognition_api_returns_match PASSED [ 13%]
tests/recognition/test_face_recognition_api.py::test_face_recognition_api_rate_limit PASSED [ 13%]
tests/recognition/test_fairness_dashboard.py::test_fairness_dashboard_requires_staff PASSED [ 14%]
tests/recognition/test_fairness_dashboard.py::test_fairness_dashboard_non_staff_user_redirected PASSED [ 14%]
tests/recognition/test_fairness_dashboard.py::test_fairness_dashboard_accessible_by_staff PASSED [ 14%]
tests/recognition/test_fairness_dashboard.py::test_fairness_dashboard_shows_no_audit_message_when_no_reports PASSED [ 14%]
tests/recognition/test_fairness_dashboard.py::test_fairness_dashboard_displays_audit_results PASSED [ 14%]
tests/recognition/test_fairness_dashboard.py::test_fairness_dashboard_loads_csv_metrics PASSED [ 15%]
tests/recognition/test_fairness_dashboard.py::test_fairness_dashboard_flags_high_error_rates PASSED [ 15%]
tests/recognition/test_fairness_dashboard.py::test_fairness_dashboard_shows_known_limitations PASSED [ 15%]
tests/recognition/test_fairness_dashboard.py::test_fairness_dashboard_links_to_related_pages PASSED [ 15%]
tests/recognition/test_faiss_cache.py::FAISSIndexCacheTests::test_faiss_index_built_only_once_for_unchanged_dataset PASSED [ 16%]
tests/recognition/test_faiss_cache.py::FAISSIndexCacheTests::test_faiss_index_cache_invalidation PASSED [ 16%]
tests/recognition/test_faiss_cache.py::FAISSIndexCacheTests::test_faiss_index_handles_build_failure_gracefully PASSED [ 16%]
tests/recognition/test_faiss_cache.py::FAISSIndexCacheTests::test_faiss_index_rebuilt_when_dataset_changes PASSED [ 16%]
tests/recognition/test_faiss_cache.py::FAISSIndexCacheTests::test_faiss_index_returns_none_for_empty_dataset PASSED [ 16%]
tests/recognition/test_faiss_cache.py::FAISSIndexCacheTests::test_faiss_index_returns_none_for_invalid_embeddings PASSED [ 17%]
tests/recognition/test_faiss_cache.py::FAISSIndexCacheTests::test_faiss_index_uses_dataset_state_from_cache_entry PASSED [ 17%]
tests/recognition/test_health.py::TestEvaluationHealth::test_evaluation_health_empty PASSED [ 17%]
tests/recognition/test_health.py::TestEvaluationHealth::test_evaluation_health_with_data PASSED [ 17%]
tests/recognition/test_health.py::TestRecognitionActivity::test_recognition_activity_empty PASSED [ 18%]
tests/recognition/test_health.py::TestRecognitionActivity::test_recognition_activity_with_data PASSED [ 18%]
tests/recognition/test_liveness_limit.py::test_liveness_frames_limit_enforced PASSED [ 18%]
tests/recognition/test_liveness_limit.py::test_liveness_frames_limit_rejection PASSED [ 18%]
tests/recognition/test_liveness_limit.py::test_liveness_frames_within_limit PASSED [ 18%]
tests/recognition/test_liveness_limit.py::test_liveness_frames_single_frame PASSED [ 19%]
tests/recognition/test_models.py::TestThresholdProfileGroup::test_get_for_group PASSED [ 19%]
tests/recognition/test_models.py::TestThresholdProfileGroup::test_get_threshold_for_group PASSED [ 19%]
tests/recognition/test_models.py::TestThresholdProfileGroup::test_get_threshold_for_group_no_default PASSED [ 19%]
tests/recognition/test_models.py::TestLivenessResultModel::test_str_representation PASSED [ 20%]
tests/recognition/test_models.py::TestRecognitionOutcomeModel::test_prune_expired PASSED [ 20%]
tests/recognition/test_models.py::TestRecognitionOutcomeModel::test_prune_expired_none PASSED [ 20%]
tests/recognition/test_models.py::TestRecognitionOutcomeModel::test_prune_expired_string_none PASSED [ 20%]
tests/recognition/test_models.py::TestRecognitionOutcomeModel::test_prune_expired_zero PASSED [ 20%]
tests/recognition/test_models.py::TestRecognitionOutcomeModel::test_queryset_methods PASSED [ 21%]
tests/recognition/test_models.py::TestModelEvaluationResultModel::test_compute_trend PASSED [ 21%]
tests/recognition/test_models.py::TestModelEvaluationResultModel::test_compute_trend_missing_metrics PASSED [ 21%]
tests/recognition/test_models.py::TestModelEvaluationResultModel::test_compute_trend_no_previous PASSED [ 21%]
tests/recognition/test_models.py::TestModelEvaluationResultModel::test_get_latest PASSED [ 22%]
tests/recognition/test_models.py::TestModelEvaluationResultModel::test_get_previous PASSED [ 22%]
tests/recognition/test_models.py::TestModelEvaluationResultModel::test_str_representation PASSED [ 22%]
tests/recognition/test_models.py::TestThresholdProfileStr::test_str_with_group PASSED [ 22%]
tests/recognition/test_models.py::TestThresholdProfileStr::test_str_with_group_default PASSED [ 22%]
tests/recognition/test_models.py::TestModelEvaluationResultLatestAndPreviousUnsuccessful::test_get_latest_unsuccessful PASSED [ 23%]
tests/recognition/test_models.py::TestModelEvaluationResultLatestAndPreviousUnsuccessful::test_get_previous_with_type PASSED [ 23%]
tests/recognition/test_models.py::TestThresholdProfileGetForSiteEdgeCases::test_get_for_site_matches_list PASSED [ 23%]
tests/recognition/test_models.py::TestThresholdProfileGetForSiteEdgeCases::test_get_for_site_matches_partial_but_not_exact PASSED [ 23%]
tests/recognition/test_models.py::TestModelEvaluationResultComputeTrendExplicit::test_compute_trend_explicit_previous PASSED [ 24%]
tests/recognition/test_models.py::TestThresholdProfileDefaults::test_get_for_site_fallback_to_default PASSED [ 24%]
tests/recognition/test_models.py::TestThresholdProfileDefaults::test_get_threshold_for_site_with_profile PASSED [ 24%]
tests/recognition/test_models.py::TestModelTrendNoPrevous::test_compute_trend_no_previous_found PASSED [ 24%]
tests/recognition/test_models.py::TestThresholdProfileSiteFallbackHit::test_get_threshold_for_group_site_fallback_hit PASSED [ 24%]
tests/recognition/test_models.py::TestThresholdProfileDefaultsFallback::test_get_threshold_for_site_default PASSED [ 25%]
tests/recognition/test_models.py::TestThresholdProfileDefaultsFallback::test_get_threshold_for_site_default_is_default_profile PASSED [ 25%]
tests/recognition/test_models.py::TestModelEvaluationResultTrendDegraded::test_compute_trend_degraded_accuracy PASSED [ 25%]
tests/recognition/test_models.py::TestThresholdProfileGetForSiteEmpty::test_get_for_site_empty_string PASSED [ 25%]
tests/recognition/test_models.py::TestModelEvaluationResultStableAccuracy::test_compute_trend_stable_accuracy PASSED [ 26%]
tests/recognition/test_models.py::TestThresholdProfileDefaultsFallbackHitEmpty::test_get_threshold_for_group_no_group_or_site_matches PASSED [ 26%]
tests/recognition/test_models.py::TestModelEvaluationResultStableFRR::test_compute_trend_stable_frr PASSED [ 26%]
tests/recognition/test_models.py::TestThresholdProfileSiteFallbackEmptyHit::test_get_threshold_for_group_fallback_site_has_no_profile PASSED [ 26%]
tests/recognition/test_models.py::TestThresholdProfileDefaultsFallbackHitEmpty2::test_get_threshold_for_group_no_group_or_site_matches_no_default PASSED [ 26%]
tests/recognition/test_models.py::TestThresholdProfileSiteFallbackEmptyHit4::test_get_threshold_for_group_no_site_and_no_default PASSED [ 27%]
tests/recognition/test_models.py::TestThresholdProfileSiteFallbackEmptyHit4::test_get_threshold_for_group_no_site_but_default_exists PASSED [ 27%]
tests/recognition/test_monitoring.py::MonitoringInstrumentationTests::test_camera_start_and_stop_state PASSED [ 27%]
tests/recognition/test_monitoring.py::MonitoringInstrumentationTests::test_frame_delay_alert_when_threshold_exceeded PASSED [ 27%]
tests/recognition/test_monitoring.py::MonitoringInstrumentationTests::test_stage_duration_alert_when_warmup_slow PASSED [ 28%]
tests/recognition/test_perf_attendance_feed.py::test_attendance_session_feed_query_count PASSED [ 28%]
tests/recognition/test_perf_attendance_feed.py::test_attendance_session_feed_query_count_mixed_scenarios PASSED [ 28%]
tests/recognition/test_plot_security.py::TestPlotSecurity::test_plot_to_base64_returns_data_uri PASSED [ 28%]
tests/recognition/test_plot_security.py::TestPlotSecurity::test_plot_to_base64_no_file_io PASSED [ 28%]
tests/recognition/test_plot_security.py::TestPlotSecurity::test_hours_vs_date_returns_base64 PASSED [ 29%]
tests/recognition/test_plot_security.py::TestPlotSecurity::test_hours_vs_employee_returns_base64 PASSED [ 29%]
tests/recognition/test_plot_security.py::TestPlotSecurity::test_no_media_directory_access PASSED [ 29%]
tests/recognition/test_plot_security.py::TestPlotSecurity::test_concurrent_plotting_no_race_condition PASSED [ 29%]
tests/recognition/test_rate_limiting.py::test_mark_attendance_in_rate_limit_blocks_after_threshold PASSED [ 30%]
tests/recognition/test_rate_limiting.py::test_mark_attendance_out_rate_limit_blocks_after_threshold PASSED [ 30%]
tests/recognition/test_real_data_integration.py::TestRealDataIntegration::test_npu_detection_real PASSED [ 30%]
tests/recognition/test_real_data_integration.py::TestRealDataIntegration::test_pose_and_occlusion_with_real_images SKIPPED [ 30%]
tests/recognition/test_real_data_integration.py::TestRealDataIntegration::test_ablation_study_real_mode SKIPPED [ 30%]
tests/recognition/test_real_data_integration.py::TestRealDataIntegration::test_mark_endpoint_integration SKIPPED [ 31%]
tests/recognition/test_rotate_encryption_keys.py::test_command_reencrypts_all_artifacts PASSED [ 31%]
tests/recognition/test_rotate_encryption_keys.py::test_command_supports_dry_run PASSED [ 31%]
tests/recognition/test_scheduled_evaluations.py::TestModelEvaluationResult::test_create_evaluation_result PASSED [ 31%]
tests/recognition/test_scheduled_evaluations.py::TestModelEvaluationResult::test_get_latest_returns_most_recent PASSED [ 32%]
tests/recognition/test_scheduled_evaluations.py::TestModelEvaluationResult::test_get_latest_filters_by_type PASSED [ 32%]
tests/recognition/test_scheduled_evaluations.py::TestModelEvaluationResult::test_get_latest_excludes_failures_by_default PASSED [ 32%]
tests/recognition/test_scheduled_evaluations.py::TestModelEvaluationResult::test_compute_trend_with_no_previous PASSED [ 32%]
tests/recognition/test_scheduled_evaluations.py::TestModelEvaluationResult::test_compute_trend_with_previous PASSED [ 32%]
tests/recognition/test_scheduled_evaluations.py::TestModelEvaluationResult::test_compute_trend_degraded_metrics PASSED [ 33%]
tests/recognition/test_scheduled_evaluations.py::TestModelEvaluationResult::test_string_representation PASSED [ 33%]
tests/recognition/test_scheduled_evaluations.py::TestEvaluationHealth::test_evaluation_health_no_evaluations PASSED [ 33%]
tests/recognition/test_scheduled_evaluations.py::TestEvaluationHealth::test_evaluation_health_with_evaluations PASSED [ 33%]
tests/recognition/test_scheduled_evaluations.py::TestEvaluationHealth::test_evaluation_health_counts_recent_failures PASSED [ 34%]
tests/recognition/test_scheduled_evaluations.py::TestEvaluationHealth::test_evaluation_health_scheduled_tasks_status PASSED [ 34%]
tests/recognition/test_scheduled_evaluations.py::TestSystemHealthDashboardWithEvaluation::test_dashboard_includes_evaluation_state PASSED [ 34%]
tests/recognition/test_security_ratelimit.py::test_train_view_rate_limit PASSED [ 34%]
tests/recognition/test_security_ratelimit.py::test_add_photos_view_rate_limit PASSED [ 34%]
tests/recognition/test_system_health_dashboard.py::test_health_helpers_report_dataset_and_model PASSED [ 35%]
tests/recognition/test_system_health_dashboard.py::test_recognition_activity_captures_attempts PASSED [ 35%]
tests/recognition/test_system_health_dashboard.py::test_system_health_dashboard_context PASSED [ 35%]
tests/recognition/test_system_health_dashboard.py::test_dataset_health_caching_behavior PASSED [ 35%]
tests/recognition/test_system_health_dashboard.py::test_worker_health_not_configured PASSED [ 36%]
tests/recognition/test_system_health_dashboard.py::test_worker_health_unreachable PASSED [ 36%]
tests/recognition/test_system_health_dashboard.py::test_worker_health_online PASSED [ 36%]
tests/recognition/test_threshold_profiles.py::TestThresholdProfileModel::test_create_profile PASSED [ 36%]
tests/recognition/test_threshold_profiles.py::TestThresholdProfileModel::test_default_profile_uniqueness PASSED [ 36%]
tests/recognition/test_threshold_profiles.py::TestThresholdProfileModel::test_get_for_site PASSED [ 37%]
tests/recognition/test_threshold_profiles.py::TestThresholdProfileModel::test_get_for_site_returns_default PASSED [ 37%]
tests/recognition/test_threshold_profiles.py::TestThresholdProfileModel::test_get_threshold_for_site PASSED [ 37%]
tests/recognition/test_threshold_profiles.py::TestThresholdProfileModel::test_get_threshold_for_site_uses_system_default PASSED [ 37%]
tests/recognition/test_threshold_profiles.py::TestThresholdProfileModel::test_profile_str_representation PASSED [ 38%]
tests/recognition/test_threshold_profiles.py::TestThresholdProfileCommand::test_create_profile PASSED [ 38%]
tests/recognition/test_threshold_profiles.py::TestThresholdProfileCommand::test_get_threshold PASSED [ 38%]
tests/recognition/test_threshold_profiles.py::TestThresholdProfileCommand::test_list_empty PASSED [ 38%]
tests/recognition/test_threshold_profiles.py::TestThresholdProfileCommand::test_list_json_output PASSED [ 38%]
tests/recognition/test_threshold_profiles.py::TestThresholdProfileCommand::test_list_profiles PASSED [ 39%]
tests/recognition/test_threshold_profiles.py::TestThresholdProfileCommand::test_update_profile PASSED [ 39%]
tests/recognition/test_upload_size_limits.py::test_file_upload_within_limit PASSED [ 39%]
tests/recognition/test_upload_size_limits.py::test_file_upload_exceeds_limit PASSED [ 39%]
tests/recognition/test_upload_size_limits.py::test_base64_without_header_within_limit PASSED [ 40%]
tests/recognition/test_upload_size_limits.py::test_base64_without_header_exceeds_limit PASSED [ 40%]
tests/recognition/test_upload_size_limits.py::test_base64_with_header_within_limit PASSED [ 40%]
tests/recognition/test_upload_size_limits.py::test_base64_with_header_exceeds_limit PASSED [ 40%]
tests/recognition/test_upload_size_limits.py::test_base64_approximation_check PASSED [ 40%]
tests/recognition/test_upload_size_limits.py::test_post_decode_size_check PASSED [ 41%]
tests/recognition/test_upload_size_limits.py::test_default_size_limit PASSED [ 41%]
tests/recognition/test_upload_size_limits.py::test_custom_size_limit PASSED [ 41%]
tests/recognition/test_views_performance.py::test_n_plus_one_hours_vs_employee_given_date PASSED [ 41%]
tests/recognition/test_views_performance.py::test_n_plus_one_hours_vs_date_given_employee PASSED [ 42%]
tests/test_pwa_assets.py::test_manifest_served_with_expected_content_type PASSED [ 42%]
tests/test_pwa_assets.py::test_service_worker_served_with_expected_headers PASSED [ 42%]
tests/test_pwa_assets.py::test_manifest_returns_404_when_asset_missing PASSED [ 42%]
tests/test_smoke.py::TestServerSmokeTests::test_home_page_loads PASSED   [ 42%]
tests/test_smoke.py::TestServerSmokeTests::test_login_page_loads PASSED  [ 43%]
tests/test_smoke.py::TestServerSmokeTests::test_static_files_configured PASSED [ 43%]
tests/test_smoke.py::TestAuthenticationSmokeTests::test_dashboard_requires_login PASSED [ 43%]
tests/test_smoke.py::TestAuthenticationSmokeTests::test_can_login_with_valid_credentials PASSED [ 43%]
tests/test_smoke.py::TestAuthenticationSmokeTests::test_invalid_credentials_rejected PASSED [ 44%]
tests/test_smoke.py::TestKeyEndpointsSmokeTests::test_mark_attendance_page_exists PASSED [ 44%]
tests/test_smoke.py::TestKeyEndpointsSmokeTests::test_attendance_session_requires_login PASSED [ 44%]
tests/test_smoke.py::TestKeyEndpointsSmokeTests::test_register_page_requires_admin PASSED [ 44%]
tests/test_smoke.py::TestKeyEndpointsSmokeTests::test_admin_can_access_register PASSED [ 44%]
tests/test_smoke.py::TestManagementCommandsSmokeTests::test_prepare_splits_command_exists PASSED [ 45%]
tests/test_smoke.py::TestManagementCommandsSmokeTests::test_eval_command_exists PASSED [ 45%]
tests/test_smoke.py::TestManagementCommandsSmokeTests::test_fairness_audit_command_exists PASSED [ 45%]
tests/test_smoke.py::TestManagementCommandsSmokeTests::test_evaluate_liveness_command_exists PASSED [ 45%]
tests/test_smoke.py::TestManagementCommandsSmokeTests::test_ablation_command_exists PASSED [ 46%]
tests/test_smoke.py::TestManagementCommandsSmokeTests::test_export_reports_command_exists PASSED [ 46%]
tests/test_smoke.py::TestManagementCommandsSmokeTests::test_threshold_select_command_exists PASSED [ 46%]
tests/users/test_attendance_indexes.py::test_present_lookups_by_user_and_date_succeed PASSED [ 46%]
tests/users/test_attendance_indexes.py::test_time_lookups_by_user_and_date_succeed PASSED [ 46%]
tests/users/test_attendance_indexes.py::test_attendance_indexes_are_installed PASSED [ 47%]
tests/users/test_logout.py::test_logout_get_request_not_allowed PASSED   [ 47%]
tests/users/test_logout.py::test_logout_post_request_succeeds PASSED     [ 47%]
tests/users/test_logout.py::test_logout_with_follow_redirect PASSED      [ 47%]
tests/users/test_setup_wizard.py::TestSetupWizardProgress::test_create_wizard_progress PASSED [ 48%]
tests/users/test_setup_wizard.py::TestSetupWizardProgress::test_can_proceed_to_step PASSED [ 48%]
tests/users/test_setup_wizard.py::TestSetupWizardProgress::test_get_step_status PASSED [ 48%]
tests/users/test_setup_wizard.py::TestSetupWizardViews::test_wizard_requires_login PASSED [ 48%]
tests/users/test_setup_wizard.py::TestSetupWizardViews::test_wizard_requires_staff PASSED [ 48%]
tests/users/test_setup_wizard.py::TestSetupWizardViews::test_wizard_redirects_to_current_step PASSED [ 49%]
tests/users/test_setup_wizard.py::TestSetupWizardViews::test_step1_renders PASSED [ 49%]
tests/users/test_setup_wizard.py::TestSetupWizardViews::test_step1_submission PASSED [ 49%]
tests/users/test_setup_wizard.py::TestSetupWizardViews::test_step2_requires_step1_completion PASSED [ 49%]
tests/users/test_setup_wizard.py::TestSetupWizardViews::test_step2_renders_after_step1 PASSED [ 50%]
tests/users/test_setup_wizard.py::TestSetupWizardViews::test_wizard_skip PASSED [ 50%]
tests/users/test_setup_wizard.py::TestSetupWizardViews::test_wizard_status_api PASSED [ 50%]
tests/users/test_setup_wizard.py::TestSetupWizardViews::test_completed_wizard_redirects_to_dashboard PASSED [ 50%]
tests/users/test_setup_wizard.py::TestSetupWizardForms::test_org_details_form_valid PASSED [ 50%]
tests/users/test_setup_wizard.py::TestSetupWizardForms::test_org_details_form_invalid PASSED [ 51%]
tests/users/test_setup_wizard.py::TestSetupWizardForms::test_camera_test_form_valid PASSED [ 51%]
tests/users/test_setup_wizard.py::TestSetupWizardForms::test_camera_test_form_requires_both PASSED [ 51%]
tests/users/test_setup_wizard.py::TestSetupWizardForms::test_add_employee_form_valid PASSED [ 51%]
tests/users/test_setup_wizard.py::TestSetupWizardForms::test_start_session_form_valid PASSED [ 52%]
users/tests/test_ratelimit_security.py::test_register_rate_limit_fix PASSED [ 52%]
users/tests/test_ratelimit_security.py::test_wizard_step3_rate_limit PASSED [ 52%]
users/tests/test_ratelimit_security.py::test_wizard_step4_rate_limit PASSED [ 52%]
users/tests/test_ratelimit_security.py::test_login_ip_based_rate_limit PASSED [ 52%]
users/tests/test_ratelimit_security.py::test_login_username_based_rate_limit PASSED [ 53%]
users/tests/test_ratelimit_security.py::test_distributed_brute_force_prevention PASSED [ 53%]
users/tests/test_ratelimit_security.py::test_successful_login_under_rate_limit PASSED [ 53%]
users/tests/test_ratelimit_security.py::test_different_usernames_have_separate_limits PASSED [ 53%]
users/tests.py::CustomLoginViewTests::test_login_rate_limit PASSED       [ 54%]
users/tests.py::CustomLoginViewTests::test_login_success PASSED          [ 54%]
users/tests.py::RegisterViewTests::test_non_staff_user_cannot_register_via_post PASSED [ 54%]
users/tests.py::RegisterViewTests::test_non_staff_user_redirected_on_get PASSED [ 54%]
users/tests.py::RegisterViewTests::test_staff_user_can_access_register_page PASSED [ 54%]
users/tests.py::RegisterViewTests::test_staff_user_can_register_new_user PASSED [ 55%]
users/tests.py::RegisterViewTests::test_superuser_can_access_register_page PASSED [ 55%]
users/tests.py::SetupWizardTests::test_completed_wizard_redirects_to_dashboard PASSED [ 55%]
users/tests.py::SetupWizardTests::test_non_staff_redirected PASSED       [ 55%]
users/tests.py::SetupWizardTests::test_wizard_redirects_to_current_step PASSED [ 56%]
users/tests.py::SetupWizardStep1Tests::test_get_step1 PASSED             [ 56%]
users/tests.py::SetupWizardStep1Tests::test_post_step1_valid PASSED      [ 56%]
users/tests.py::SetupWizardStep2Tests::test_get_step2_valid PASSED       [ 56%]
users/tests.py::SetupWizardStep2Tests::test_get_step2_without_step1_redirects PASSED [ 56%]
users/tests.py::SetupWizardStep2Tests::test_post_step2_valid PASSED      [ 57%]
users/tests.py::SetupWizardStep3Tests::test_get_step3_without_step2_redirects PASSED [ 57%]
users/tests.py::SetupWizardStep3Tests::test_post_step3_confirm_photos PASSED [ 57%]
users/tests.py::SetupWizardStep3Tests::test_post_step3_create_employee PASSED [ 57%]
users/tests.py::SetupWizardStep4Tests::test_get_step4_without_step3_redirects PASSED [ 58%]
users/tests.py::SetupWizardStep4Tests::test_post_step4_continue PASSED   [ 58%]
users/tests.py::SetupWizardStep5Tests::test_get_step5_without_step4_redirects PASSED [ 58%]
users/tests.py::SetupWizardStep5Tests::test_post_step5_start_checkin_session PASSED [ 58%]
users/tests.py::SetupWizardStep5Tests::test_post_step5_start_checkout_session PASSED [ 58%]
users/tests.py::SetupWizardSkipAndStatusTests::test_skip_wizard PASSED   [ 59%]
users/tests.py::SetupWizardSkipAndStatusTests::test_wizard_status_non_staff PASSED [ 59%]
users/tests.py::SetupWizardSkipAndStatusTests::test_wizard_status_staff PASSED [ 59%]
users/tests.py::TimeModelTests::test_time_str_handles_missing_timestamp PASSED [ 59%]
tests/evaluation/test_face_recognition_eval.py::test_compute_basic_metrics PASSED [ 60%]
tests/evaluation/test_face_recognition_eval.py::test_compute_threshold_sweep PASSED [ 60%]
tests/evaluation/test_fairness.py::test_estimate_lighting_bucket_distinguishes_ranges PASSED [ 60%]
tests/evaluation/test_fairness.py::test_compute_group_metrics_respects_context PASSED [ 60%]
tests/recognition/test_api_exceptions.py::TestCustomExceptionHandler::test_http404_handled_correctly PASSED [ 60%]
tests/recognition/test_api_exceptions.py::TestCustomExceptionHandler::test_permission_denied_handled_correctly PASSED [ 61%]
tests/recognition/test_api_exceptions.py::TestCustomExceptionHandler::test_api_exception_with_string_detail PASSED [ 61%]
tests/recognition/test_api_exceptions.py::TestCustomExceptionHandler::test_api_exception_with_dict_detail_with_detail_key PASSED [ 61%]
tests/recognition/test_api_exceptions.py::TestCustomExceptionHandler::test_api_exception_with_dict_detail_field_errors PASSED [ 61%]
tests/recognition/test_api_exceptions.py::TestCustomExceptionHandler::test_api_exception_with_list_detail PASSED [ 62%]
tests/recognition/test_api_exceptions.py::TestCustomExceptionHandler::test_exception_without_request_context PASSED [ 62%]
tests/recognition/test_api_exceptions.py::TestCustomExceptionHandler::test_unhandled_exception PASSED [ 62%]
tests/recognition/test_api_exceptions.py::TestCustomExceptionHandler::test_api_exception_fallback PASSED [ 62%]
tests/recognition/test_api_exceptions.py::TestCustomExceptionHandler::test_api_exception_fallback_with_default_detail PASSED [ 62%]
tests/recognition/test_edge_cases.py::TestMultiFaceEdgeCases::test_all_faces_too_small_filtered_out PASSED [ 63%]
tests/recognition/test_edge_cases.py::TestMultiFaceEdgeCases::test_mixed_size_faces_partial_filter PASSED [ 63%]
tests/recognition/test_edge_cases.py::TestMultiFaceEdgeCases::test_exceeds_max_faces_limit PASSED [ 63%]
tests/recognition/test_edge_cases.py::TestMultiFaceEdgeCases::test_empty_representations_returns_error PASSED [ 63%]
tests/recognition/test_edge_cases.py::TestMultiFaceEdgeCases::test_no_faces_detected_multi_mode PASSED [ 64%]
tests/recognition/test_edge_cases.py::TestEmptyFrameHandling::test_black_frame_depth_estimation PASSED [ 64%]
tests/recognition/test_edge_cases.py::TestEmptyFrameHandling::test_white_frame_depth_estimation PASSED [ 64%]
tests/recognition/test_edge_cases.py::TestEmptyFrameHandling::test_empty_array_depth_estimation PASSED [ 64%]
tests/recognition/test_edge_cases.py::TestEmptyFrameHandling::test_empty_frame_hash_computation PASSED [ 64%]
tests/recognition/test_edge_cases.py::TestEmptyFrameHandling::test_single_frame_consistency_check PASSED [ 65%]
tests/recognition/test_edge_cases.py::TestEmptyFrameHandling::test_empty_frames_list_liveness PASSED [ 65%]
tests/recognition/test_edge_cases.py::TestInvalidImageHandling::test_wrong_dtype_frame PASSED [ 65%]
tests/recognition/test_edge_cases.py::TestInvalidImageHandling::test_grayscale_frame_handling PASSED [ 65%]
tests/recognition/test_edge_cases.py::TestInvalidImageHandling::test_nan_embedding_distance_calculation PASSED [ 66%]
tests/recognition/test_edge_cases.py::TestInvalidImageHandling::test_zero_vector_cosine_distance PASSED [ 66%]
tests/recognition/test_edge_cases.py::TestInvalidImageHandling::test_inf_in_embedding PASSED [ 66%]
tests/recognition/test_edge_cases.py::TestInvalidImageHandling::test_negative_distance_threshold PASSED [ 66%]
tests/recognition/test_edge_cases.py::TestFAISSIndexEdgeCases::test_search_with_zero_k PASSED [ 66%]
tests/recognition/test_edge_cases.py::TestFAISSIndexEdgeCases::test_search_k_larger_than_index_size PASSED [ 67%]
tests/recognition/test_edge_cases.py::TestFAISSIndexEdgeCases::test_duplicate_labels_in_index PASSED [ 67%]
tests/recognition/test_edge_cases.py::TestFAISSIndexEdgeCases::test_normalized_vs_unnormalized_embeddings PASSED [ 67%]
tests/recognition/test_edge_cases.py::TestFAISSIndexEdgeCases::test_very_high_dimensionality PASSED [ 67%]
tests/recognition/test_embedding_cache.py::test_get_cached_embedding PASSED [ 68%]
tests/recognition/test_embedding_cache.py::test_set_cached_embedding PASSED [ 68%]
tests/recognition/test_embedding_cache.py::test_deserialize_embedding PASSED [ 68%]
tests/recognition/test_embedding_cache.py::test_invalidate_user_embeddings PASSED [ 68%]
tests/recognition/test_embedding_cache.py::test_invalidate_all_embeddings PASSED [ 68%]
tests/recognition/test_embedding_cache.py::test_get_cached_dataset_index PASSED [ 69%]
tests/recognition/test_embedding_cache.py::test_set_cached_dataset_index PASSED [ 69%]
tests/recognition/test_embedding_cache.py::test_get_dataset_hash PASSED  [ 69%]
tests/recognition/test_embedding_cache.py::test_compute_dataset_hash PASSED [ 69%]
tests/recognition/test_embedding_cache_perf.py::test_embedding_cache_performance PASSED [ 70%]
tests/recognition/test_embedding_cache_perf.py::test_embedding_cache_stores_on_miss PASSED [ 70%]
tests/recognition/test_enhanced_liveness.py::TestLivenessCheckResult::test_create_result PASSED [ 70%]
tests/recognition/test_enhanced_liveness.py::TestLivenessCheckResult::test_result_with_defaults PASSED [ 70%]
tests/recognition/test_enhanced_liveness.py::TestChallengeType::test_challenge_types PASSED [ 70%]
tests/recognition/test_enhanced_liveness.py::TestCheckLivenessWithChallenge::test_insufficient_frames PASSED [ 71%]
tests/recognition/test_enhanced_liveness.py::TestCheckLivenessWithChallenge::test_motion_challenge_with_movement PASSED [ 71%]
tests/recognition/test_enhanced_liveness.py::TestCheckLivenessWithChallenge::test_blink_challenge PASSED [ 71%]
tests/recognition/test_enhanced_liveness.py::TestCheckLivenessWithChallenge::test_head_turn_challenge PASSED [ 71%]
tests/recognition/test_enhanced_liveness.py::TestRunMultiChallengeLiveness::test_single_challenge PASSED [ 72%]
tests/recognition/test_enhanced_liveness.py::TestRunMultiChallengeLiveness::test_multiple_challenges PASSED [ 72%]
tests/recognition/test_enhanced_liveness.py::TestRunMultiChallengeLiveness::test_require_all_challenges PASSED [ 72%]
tests/recognition/test_enhanced_liveness.py::TestRunMultiChallengeLiveness::test_default_challenges PASSED [ 72%]
tests/recognition/test_enhanced_liveness.py::TestLivenessBuffer::test_buffer_max_length PASSED [ 72%]
tests/recognition/test_enhanced_liveness.py::TestLivenessBuffer::test_buffer_snapshot PASSED [ 73%]
tests/recognition/test_enhanced_liveness.py::TestLivenessBuffer::test_buffer_clear PASSED [ 73%]
tests/recognition/test_enhanced_liveness.py::TestLivenessBuffer::test_buffer_rejects_invalid_frames PASSED [ 73%]
tests/recognition/test_enhanced_liveness_v2.py::TestDepthEstimator::test_estimate_pseudo_depth_returns_array PASSED [ 73%]
tests/recognition/test_enhanced_liveness_v2.py::TestDepthEstimator::test_estimate_pseudo_depth_handles_empty_frame PASSED [ 74%]
tests/recognition/test_enhanced_liveness_v2.py::TestDepthEstimator::test_compute_depth_variance_uniform_image PASSED [ 74%]
tests/recognition/test_enhanced_liveness_v2.py::TestDepthEstimator::test_compute_depth_variance_varied_image PASSED [ 74%]
tests/recognition/test_enhanced_liveness_v2.py::TestDepthEstimator::test_analyze_depth_cues_insufficient_frames PASSED [ 74%]
tests/recognition/test_enhanced_liveness_v2.py::TestDepthEstimator::test_analyze_depth_cues_returns_result PASSED [ 74%]
tests/recognition/test_enhanced_liveness_v2.py::TestFrameConsistency::test_compute_frame_hash_returns_string PASSED [ 75%]
tests/recognition/test_enhanced_liveness_v2.py::TestFrameConsistency::test_compute_frame_hash_empty_frame PASSED [ 75%]
tests/recognition/test_enhanced_liveness_v2.py::TestFrameConsistency::test_detect_static_replay_identical_frames PASSED [ 75%]
tests/recognition/test_enhanced_liveness_v2.py::TestFrameConsistency::test_detect_static_replay_varied_frames PASSED [ 75%]
tests/recognition/test_enhanced_liveness_v2.py::TestFrameConsistency::test_detect_periodic_patterns_uniform_diffs PASSED [ 76%]
tests/recognition/test_enhanced_liveness_v2.py::TestFrameConsistency::test_check_frame_consistency_insufficient_frames PASSED [ 76%]
tests/recognition/test_enhanced_liveness_v2.py::TestFrameConsistency::test_check_frame_consistency_returns_result PASSED [ 76%]
tests/recognition/test_enhanced_liveness_v2.py::TestAntiSpoofCNN::test_antispoof_result_dataclass PASSED [ 76%]
tests/recognition/test_enhanced_liveness_v2.py::TestEnhancedLivenessVerification::test_challenge_type_new_values PASSED [ 76%]
tests/recognition/test_enhanced_liveness_v2.py::TestEnhancedLivenessVerification::test_enhanced_liveness_result_dataclass PASSED [ 77%]
tests/recognition/test_enhanced_liveness_v2.py::TestEnhancedLivenessVerification::test_run_enhanced_liveness_insufficient_frames PASSED [ 77%]
tests/recognition/test_enhanced_liveness_v2.py::TestEnhancedLivenessVerification::test_run_enhanced_liveness_with_valid_frames PASSED [ 77%]
tests/recognition/test_export_reports_command.py::test_export_reports_warns_when_directory_missing PASSED [ 77%]
tests/recognition/test_export_reports_command.py::test_export_reports_lists_reports_and_figures PASSED [ 78%]
tests/recognition/test_faiss_index.py::TestFAISSIndex::test_empty_index_reports_zero_size PASSED [ 78%]
tests/recognition/test_faiss_index.py::TestFAISSIndex::test_add_single_embedding PASSED [ 78%]
tests/recognition/test_faiss_index.py::TestFAISSIndex::test_add_multiple_embeddings PASSED [ 78%]
tests/recognition/test_faiss_index.py::TestFAISSIndex::test_search_returns_nearest_neighbour PASSED [ 78%]
tests/recognition/test_faiss_index.py::TestFAISSIndex::test_search_returns_k_neighbours PASSED [ 79%]
tests/recognition/test_faiss_index.py::TestFAISSIndex::test_search_single_returns_best_match PASSED [ 79%]
tests/recognition/test_faiss_index.py::TestFAISSIndex::test_search_on_empty_index_returns_empty_list PASSED [ 79%]
tests/recognition/test_faiss_index.py::TestFAISSIndex::test_add_embeddings_validates_dimension PASSED [ 79%]
tests/recognition/test_faiss_index.py::TestFAISSIndex::test_add_embeddings_validates_label_count PASSED [ 80%]
tests/recognition/test_faiss_index.py::TestFAISSIndex::test_save_and_load_round_trip PASSED [ 80%]
tests/recognition/test_faiss_index.py::TestFAISSIndex::test_load_nonexistent_file_raises_error PASSED [ 80%]
tests/recognition/test_faiss_index.py::TestFAISSIndex::test_save_empty_index_raises_error PASSED [ 80%]
tests/recognition/test_faiss_index.py::TestFAISSIndex::test_clear_removes_all_embeddings PASSED [ 80%]
tests/recognition/test_faiss_index.py::TestApproximateSearch::test_large_dataset_uses_ivf_index PASSED [ 81%]
tests/recognition/test_faiss_index.py::TestApproximateSearch::test_small_dataset_uses_flat_index PASSED [ 81%]
tests/recognition/test_faiss_index.py::TestBuildFaissIndexHelper::test_builds_index_from_embeddings PASSED [ 81%]
tests/recognition/test_feature_flags.py::TestFeatureFlags::test_default_profile_is_advanced PASSED [ 81%]
tests/recognition/test_feature_flags.py::TestFeatureFlags::test_basic_profile_disables_advanced_features PASSED [ 82%]
tests/recognition/test_feature_flags.py::TestFeatureFlags::test_standard_profile_enables_core_security PASSED [ 82%]
tests/recognition/test_feature_flags.py::TestFeatureFlags::test_advanced_profile_enables_all_features PASSED [ 82%]
tests/recognition/test_feature_flags.py::TestFeatureFlags::test_individual_flag_overrides_profile PASSED [ 82%]
tests/recognition/test_feature_flags.py::TestFeatureFlags::test_bool_env_parsing PASSED [ 82%]
tests/recognition/test_feature_flags.py::TestFeatureFlags::test_invalid_profile_defaults_to_advanced PASSED [ 83%]
tests/recognition/test_feature_flags.py::TestFeatureFlags::test_get_all_flags_returns_dict PASSED [ 83%]
tests/recognition/test_feature_flags.py::TestFeatureFlags::test_multiple_overrides PASSED [ 83%]
tests/recognition/test_feature_flags.py::TestFeatureFlags::test_case_insensitive_profile_name PASSED [ 83%]
tests/recognition/test_health.py::TestDatasetHealth::test_dataset_health_cached PASSED [ 84%]
tests/recognition/test_health.py::TestDatasetHealth::test_dataset_health_empty PASSED [ 84%]
tests/recognition/test_health.py::TestDatasetHealth::test_dataset_health_with_files PASSED [ 84%]
tests/recognition/test_health.py::TestModelHealth::test_model_health_all_missing PASSED [ 84%]
tests/recognition/test_health.py::TestModelHealth::test_model_health_all_present PASSED [ 84%]
tests/recognition/test_health.py::TestModelHealth::test_model_health_stale PASSED [ 85%]
tests/recognition/test_health.py::TestWorkerHealth::test_worker_health_not_configured PASSED [ 85%]
tests/recognition/test_health.py::TestWorkerHealth::test_worker_health_online PASSED [ 85%]
tests/recognition/test_health.py::TestWorkerHealth::test_worker_health_offline PASSED [ 85%]
tests/recognition/test_health.py::TestSafeMtime::test_safe_mtime_file_not_found PASSED [ 86%]
tests/recognition/test_health.py::TestSafeMtime::test_safe_mtime_success PASSED [ 86%]
tests/recognition/test_health.py::TestIsoformatOrNone::test_isoformat_or_none_naive PASSED [ 86%]
tests/recognition/test_health.py::TestIsoformatOrNone::test_isoformat_or_none_none PASSED [ 86%]
tests/recognition/test_liveness.py::test_evaluate_match_blocks_spoof PASSED [ 86%]
tests/recognition/test_liveness.py::test_evaluate_match_accepts_live_face PASSED [ 87%]
tests/recognition/test_liveness.py::test_predict_identity_blocks_spoof PASSED [ 87%]
tests/recognition/test_liveness.py::test_predict_identity_returns_live_name PASSED [ 87%]
tests/recognition/test_motion_liveness.py::test_liveness_buffer_truncates_old_frames PASSED [ 87%]
tests/recognition/test_motion_liveness.py::test_is_live_face_detects_motion PASSED [ 88%]
tests/recognition/test_motion_liveness.py::test_is_live_face_rejects_static_sequence PASSED [ 88%]
tests/recognition/test_motion_liveness.py::test_is_live_face_requires_minimum_frames PASSED [ 88%]
tests/recognition/test_multi_face.py::TestMultiFaceConfiguration::test_is_multi_face_enabled_default PASSED [ 88%]
tests/recognition/test_multi_face.py::TestMultiFaceConfiguration::test_is_multi_face_enabled_when_enabled PASSED [ 88%]
tests/recognition/test_multi_face.py::TestMultiFaceConfiguration::test_get_max_faces_limit_default PASSED [ 89%]
tests/recognition/test_multi_face.py::TestMultiFaceConfiguration::test_get_max_faces_limit_custom PASSED [ 89%]
tests/recognition/test_multi_face.py::TestFaceFiltering::test_filter_faces_by_size_all_pass PASSED [ 89%]
tests/recognition/test_multi_face.py::TestFaceFiltering::test_filter_faces_by_size_some_filtered PASSED [ 89%]
tests/recognition/test_multi_face.py::TestFaceFiltering::test_filter_faces_by_size_no_area_info PASSED [ 90%]
tests/recognition/test_multi_face.py::TestSingleFaceRecognition::test_single_face_no_embedding PASSED [ 90%]
tests/recognition/test_multi_face.py::TestSingleFaceRecognition::test_single_face_with_match PASSED [ 90%]
tests/recognition/test_multi_face.py::TestMultiFaceRecognition::test_multi_face_no_faces_detected PASSED [ 90%]
tests/recognition/test_multi_face.py::TestMultiFaceRecognition::test_multi_face_multiple_matches PASSED [ 90%]
tests/recognition/test_multi_face.py::TestMultiFaceRecognition::test_multi_face_respects_max_limit PASSED [ 91%]
tests/recognition/test_multi_face.py::TestAutomaticModeSelection::test_auto_mode_selects_single PASSED [ 91%]
tests/recognition/test_multi_face.py::TestAutomaticModeSelection::test_auto_mode_selects_multi PASSED [ 91%]
tests/recognition/test_pipeline.py::test_extract_embedding_normalises_deepface_payload PASSED [ 91%]
tests/recognition/test_pipeline.py::test_extract_embedding_2d_ndarray PASSED [ 92%]
tests/recognition/test_pipeline.py::test_extract_embedding_list_of_lists PASSED [ 92%]
tests/recognition/test_pipeline.py::test_extract_embedding_dict_payload PASSED [ 92%]
tests/recognition/test_pipeline.py::test_extract_embedding_invalid_size PASSED [ 92%]
tests/recognition/test_pipeline.py::test_extract_embedding_rejects_invalid_payload PASSED [ 92%]
tests/recognition/test_pipeline.py::test_extract_all_embeddings_dict_payload PASSED [ 93%]
tests/recognition/test_pipeline.py::test_extract_all_embeddings_list_of_dicts PASSED [ 93%]
tests/recognition/test_pipeline.py::test_extract_all_embeddings_list_of_lists PASSED [ 93%]
tests/recognition/test_pipeline.py::test_extract_all_embeddings_2d_ndarray PASSED [ 93%]
tests/recognition/test_pipeline.py::test_extract_all_embeddings_no_valid_embeddings PASSED [ 94%]
tests/recognition/test_pipeline.py::test_calculate_embedding_distance_supported_metrics[euclidean_l2-expected0] PASSED [ 94%]
tests/recognition/test_pipeline.py::test_calculate_embedding_distance_supported_metrics[manhattan-2.0] PASSED [ 94%]
tests/recognition/test_pipeline.py::test_calculate_embedding_distance_supported_metrics[cosine-1.0] PASSED [ 94%]
tests/recognition/test_pipeline.py::test_calculate_embedding_distance_cosine_handles_zero_vectors PASSED [ 94%]
tests/recognition/test_pipeline.py::test_calculate_embedding_distance_fallback_metric PASSED [ 95%]
tests/recognition/test_pipeline.py::test_find_closest_dataset_match_returns_best_candidate PASSED [ 95%]
tests/recognition/test_pipeline.py::test_find_closest_dataset_match_empty_probe PASSED [ 95%]
tests/recognition/test_pipeline.py::test_find_closest_dataset_match_empty_dataset PASSED [ 95%]
tests/recognition/test_pipeline.py::test_find_closest_dataset_match_invalid_entries PASSED [ 96%]
tests/recognition/test_pipeline.py::test_find_closest_dataset_match_calculation_fails PASSED [ 96%]
tests/recognition/test_pipeline.py::test_is_within_distance_threshold_handles_edge_cases[0.25-0.3-True] PASSED [ 96%]
tests/recognition/test_pipeline.py::test_is_within_distance_threshold_handles_edge_cases[0.45-0.3-False] PASSED [ 96%]
tests/recognition/test_pipeline.py::test_is_within_distance_threshold_handles_edge_cases[None-0.3-False] PASSED [ 96%]
tests/recognition/test_pipeline.py::test_is_within_distance_threshold_handles_edge_cases[nan-0.3-False] PASSED [ 97%]
tests/recognition/test_pipeline.py::test_find_closest_match_faiss_invalid_index PASSED [ 97%]
tests/recognition/test_pipeline.py::test_find_closest_match_faiss_empty_probe PASSED [ 97%]
tests/recognition/test_pipeline.py::test_find_closest_match_faiss_returns_match PASSED [ 97%]
tests/recognition/test_pipeline.py::test_find_closest_match_faiss_returns_none PASSED [ 98%]
tests/recognition/test_webcam_manager.py::WebcamManagerLifecycleTests::test_reset_disposes_existing_instance PASSED [ 98%]
tests/recognition/test_webcam_manager.py::WebcamManagerLifecycleTests::test_shutdown_stops_underlying_stream PASSED [ 98%]
tests/settings/test_dev_encryption_keys.py::test_dev_keys_are_persisted_and_reusable PASSED [ 98%]
tests/settings/test_dev_encryption_keys.py::test_dotenv_values_are_respected PASSED [ 98%]
tests/settings/test_production.py::test_production_database_configuration PASSED [ 99%]
tests/settings/test_production.py::test_security_headers_default_values PASSED [ 99%]
tests/settings/test_production.py::test_secure_proxy_ssl_header_disabled_by_default PASSED [ 99%]
tests/settings/test_production.py::test_secure_proxy_ssl_header_enabled_when_configured PASSED [ 99%]
tests/settings/test_production.py::test_secure_proxy_ssl_header_disabled_with_false_value PASSED [100%]

================================ tests coverage ================================
_______________ coverage: platform linux, python 3.12.13-final-0 _______________

Name                                 Stmts   Miss Branch BrPart  Cover   Missing
--------------------------------------------------------------------------------
recognition/__init__.py                  0      0      0      0   100%
recognition/ablation.py                201    185     52      0     6%   40-43, 52, 67-88, 112-122, 137-170, 191-286, 316-346, 357-482, 496-512
recognition/admin_views.py             429    201    134     14    53%   31-71, 79-105, 112-131, 137-156, 162-191, 260-261, 265-266, 360-362, 364-365, 369, 413, 415, 419, 421, 428, 430, 434, 436, 438, 598, 625-649, 655-668, 674-690, 696-709, 715-724, 730-788, 794-813, 820-881
recognition/analysis/__init__.py         3      0      0      0   100%
recognition/analysis/attendance.py     122      6     50     11    90%   101, 143->146, 151->154, 157->165, 163, 167->140, 214, 216, 221, 240->238, 306
recognition/analysis/failures.py       195    185     76      0     4%   26-44, 66-117, 140-221, 247-293, 305-405, 431-461
recognition/anti_spoof_cnn.py          217     97     58     21    53%   53, 60-65, 80->85, 82->85, 90, 106-151, 163, 166, 170, 187-217, 222, 229, 233, 235, 242-244, 260-314, 336, 339, 343-344, 360->358, 376, 386->393, 411-412, 420->422, 442, 455
recognition/api/__init__.py              0      0      0      0   100%
recognition/api/exceptions.py           49      0     20      0   100%
recognition/api/serializers.py          43      2      0      0    95%   57-58
recognition/api/urls.py                 10      0      0      0   100%
recognition/api/views.py               171      5     48      5    95%   54, 144-145, 214, 275->273, 297
recognition/context_processors.py        3      0      0      0   100%
recognition/data_splits.py              64     64     30      0     0%   8-227
recognition/depth_estimator.py         118     32     42     16    68%   39-53, 59, 65-67, 89, 95-98, 104, 109, 131, 135, 144, 156, 160, 167-170, 182, 191, 234, 239->232
recognition/domain_adaptation.py       135    135     42      0     0%   8-345
recognition/embedding_cache.py         126      4     26      1    97%   37-41, 222->225
recognition/evaluation/__init__.py       2      2      0      0     0%   5-12
recognition/evaluation/metrics.py      173    173     24      0     0%   14-406
recognition/faiss_index.py             130     10     30      6    90%   91, 115->119, 167, 175-177, 198->201, 202-207, 224, 309-310
recognition/features.py                112      1      8      0    99%   177
recognition/forms.py                    31      0      0      0   100%
recognition/frame_consistency.py       139     25     54     18    78%   38, 44-48, 54, 59-66, 87, 92, 110, 118-119, 141, 146->144, 150, 181, 187, 195, 220, 224, 245->248, 255-257
recognition/health.py                   91      0     14      0   100%
recognition/liveness.py                232     35     92     25    79%   70-71, 91-105, 115, 120->125, 128-130, 135->142, 140, 142->150, 145->150, 162->184, 176->184, 178->184, 185-186, 189, 208->207, 222->207, 233, 250, 254->248, 258, 274->270, 298->300, 308, 343->341, 421-423, 471, 583-584, 604-605, 628-629
recognition/metrics_store.py            13      5      2      0    53%   18-26
recognition/models.py                  207      0     48      0   100%
recognition/monitoring.py              175     21     36     12    83%   104, 205, 239->241, 247, 258-272, 291->293, 297, 306-318, 337-338, 378->exit, 380->exit, 391->393, 452, 458
recognition/multi_face.py               70      3     22      2    95%   188-189, 206, 216->219
recognition/performance_utils.py       178    124     40      4    27%   96-108, 121-185, 217-233, 250-256, 294, 296, 314-321, 335-346, 361-381, 394-413, 431-480
recognition/pipeline.py                112      0     66      1    99%   200->191
recognition/sample_quality.py          143    143     50      0     0%   8-361
recognition/scheduled_tasks.py          83     83      2      0     0%   3-345
recognition/tasks.py                   340    289     80      0    12%   63, 69, 75-92, 101-110, 116-124, 130-138, 144-164, 172-183, 189-196, 212-304, 315-422, 437-444, 451-461, 468-575, 587-625, 634-681
recognition/views.py                  1614   1614    542      0     0%   9-3941
recognition/views/__init__.py            8      0      0      0   100%
recognition/views/utils.py             151    117     44      0    17%   39-40, 58-91, 99-107, 124-130, 133-139, 144-156, 159-166, 175-180, 183-184, 188, 194-205, 213-221, 230-233, 239-273, 279-281, 287-312, 325, 330-332
recognition/views_legacy.py           1723    858    590    101    47%   88-89, 107-140, 155-156, 185-187, 209, 211, 226, 232-233, 237, 247, 251, 263, 269-270, 281, 292, 297, 328-330, 336-361, 375-378, 386->391, 397-430, 439-440, 450-461, 470-480, 483, 487-488, 491, 510, 513-515, 518, 522, 535, 539-540, 550, 563, 566, 570, 572, 575-578, 583->561, 647-658, 672, 680, 721-725, 756-761, 799-845, 878-883, 933-945, 978-982, 996-1004, 1013->1016, 1018, 1021-1028, 1037-1048, 1058-1147, 1230-1231, 1272, 1276, 1282->1296, 1283->1296, 1285, 1289, 1292, 1299, 1302->1308, 1311, 1333, 1409-1410, 1455-1456, 1495-1513, 1537-1540, 1544-1548, 1553-1557, 1564-1568, 1610, 1622-1626, 1632, 1636, 1645-1647, 1651-1652, 1656->1662, 1679, 1696, 1707-1712, 1719-1720, 1730-1732, 1749, 1804-1875, 1892-1957, 1979, 1986, 1990, 1994, 2010->2014, 2018, 2080->2083, 2085, 2161->2164, 2166, 2203, 2210-2211, 2221-2257, 2267-2300, 2367, 2384, 2401, 2432-2434, 2465-2467, 2507, 2517, 2528-2530, 2547-2553, 2578->2577, 2581-2583, 2593-2601, 2607-2628, 2634-2671, 2677-2692, 2769-2770, 2773, 2777->2786, 2781->2786, 2783-2784, 2827-2829, 2834-2838, 2844-2845, 2851-2863, 2870-2879, 2896, 2910-2911, 2963-3357, 3378-3379, 3388, 3398, 3411-3413, 3429, 3438-3452, 3487, 3493->3507, 3503-3505, 3520-3562, 3570-3606, 3623, 3631, 3638, 3684, 3690-3694, 3700-3704, 3710-3714, 3720, 3732, 3744, 3759-3782, 3794-4126
recognition/webcam_manager.py          145     26     42     15    75%   36->exit, 44, 47->49, 71, 76->79, 82-90, 117->123, 120, 123->147, 126-131, 158, 185-187, 209-217, 220, 234->238, 236->238, 245->247
users/__init__.py                        0      0      0      0   100%
users/forms.py                          21      0      0      0   100%
users/models.py                        100     11     18      3    88%   60, 107, 201-203, 217, 226, 315-318
users/views.py                         282     57     90     24    78%   169, 172-185, 190, 194->209, 226, 229-242, 247, 255->270, 289, 309, 321->339, 324->339, 332->339, 362, 381, 389-405, 407->433, 409-427, 452, 455-463, 468, 491-500, 509
--------------------------------------------------------------------------------
TOTAL                                 8161   4513   2472    279    42%
============================= slowest 10 durations =============================
13.56s call     tests/recognition/test_api_attendance_n_plus_one.py::test_attendance_api_query_count
11.24s call     tests/recognition/test_perf_attendance_feed.py::test_attendance_session_feed_query_count
11.22s call     tests/recognition/test_perf_attendance_feed.py::test_attendance_session_feed_query_count_mixed_scenarios
7.59s call     tests/recognition/test_views_performance.py::test_n_plus_one_hours_vs_employee_given_date
7.26s call     users/tests.py::CustomLoginViewTests::test_login_rate_limit
7.16s call     tests/recognition/test_upload_size_limits.py::test_file_upload_within_limit
4.13s call     users/tests.py::RegisterViewTests::test_staff_user_can_register_new_user
4.02s call     tests/recognition/test_webcam_manager.py::WebcamManagerLifecycleTests::test_reset_disposes_existing_instance
3.42s call     tests/recognition/test_upload_size_limits.py::test_default_size_limit
3.11s call     users/tests.py::RegisterViewTests::test_non_staff_user_redirected_on_get
==== 447 passed, 3 skipped, 78 deselected, 21 warnings in 256.95s (0:04:16) ====
